2026-02-08 10:45:49,366 | INFO | kurzgesagt.scene_parser | Parsing script (chars=3932, shots=nested)
2026-02-08 10:46:12,131 | INFO | kurzgesagt.providers.openai | OpenAI response received (chars=5652)
2026-02-08 10:46:12,131 | INFO | kurzgesagt.scene_parser | Parsed scenes=8 shots=16
2026-02-08 10:51:02,337 | INFO | kurzgesagt.scene_parser | Parsing script (chars=3932, shots=nested)
2026-02-08 10:51:30,443 | INFO | kurzgesagt.providers.openai | OpenAI response received (chars=5652)
2026-02-08 10:51:30,444 | INFO | kurzgesagt.scene_parser | Parsed scenes=6 shots=20
2026-02-08 10:55:26,692 | INFO | kurzgesagt.scene_parser | Parsing script (chars=3932, shots=nested)
2026-02-08 10:55:32,828 | INFO | kurzgesagt.providers.openai | OpenAI response received (chars=5652)
2026-02-08 10:55:32,829 | INFO | kurzgesagt.scene_parser | Parsed scenes=1 shots=3
2026-02-08 11:09:40,727 | INFO | kurzgesagt.scene_parser | Parsing script (chars=3932, shots=nested)
2026-02-08 11:09:58,723 | INFO | kurzgesagt.providers.openai | OpenAI response received (chars=5652)
2026-02-08 11:09:58,723 | INFO | kurzgesagt.scene_parser | Parsed scenes=6 shots=12
2026-02-08 11:13:44,422 | INFO | kurzgesagt.image_generator | Generating image model=gemini-3-pro-image-preview aspect=3:2 size=1K
2026-02-08 11:16:32,177 | INFO | kurzgesagt.image_generator | Generating image model=gemini-3-pro-image-preview aspect=3:2 size=1K
2026-02-08 11:22:49,894 | INFO | kurzgesagt.image_generator | Generating image model=gemini-3-pro-image-preview aspect=3:2 size=1K
2026-02-08 11:23:36,957 | INFO | kurzgesagt.image_generator | Generating image model=gemini-3-pro-image-preview aspect=3:2 size=1K
2026-02-08 11:25:46,215 | INFO | kurzgesagt.image_generator | Generating image model=gemini-3-pro-image-preview aspect=3:2 size=1K
2026-02-08 11:27:44,962 | INFO | kurzgesagt.image_generator | Generating image model=gemini-3-pro-image-preview aspect=3:2 size=1K
2026-02-08 12:05:14,066 | INFO | kurzgesagt.scene_parser | Parsing script (chars=3932, shots=nested)
2026-02-08 12:05:30,983 | INFO | kurzgesagt.providers.openai | OpenAI response received (chars=5651)
2026-02-08 12:05:30,984 | INFO | kurzgesagt.scene_parser | Parsed scenes=4 shots=11
2026-02-08 12:08:26,725 | INFO | kurzgesagt.image_generator | Generating image model=gemini-3-pro-image-preview aspect=3:2 size=1K
2026-02-08 12:25:59,353 | INFO | kurzgesagt.scene_parser | Parsing script (chars=3932, shots=nested)
2026-02-08 12:26:09,212 | INFO | kurzgesagt.providers.openai | OpenAI response received (chars=5641)
2026-02-08 12:26:09,212 | INFO | kurzgesagt.scene_parser | Parsed scenes=2 shots=6
2026-02-08 12:26:43,812 | INFO | kurzgesagt.image_generator | Generating image model=gemini-3-pro-image-preview aspect=3:2 size=1K
2026-02-08 12:32:39,080 | INFO | kurzgesagt.scene_parser | Parsing script (chars=3932, shots=nested)
2026-02-08 12:33:02,844 | INFO | kurzgesagt.providers.openai | OpenAI response received (chars=5641)
2026-02-08 12:33:02,844 | INFO | kurzgesagt.scene_parser | Parsed scenes=9 shots=17
2026-02-08 12:33:39,030 | INFO | kurzgesagt.image_generator | Generating image model=gemini-3-pro-image-preview aspect=3:2 size=1K
2026-02-08 12:41:00,181 | INFO | kurzgesagt.scene_parser | Parsing script (chars=3932, shots=nested)
2026-02-08 12:41:20,722 | INFO | kurzgesagt.providers.openai | OpenAI response received (chars=5649)
2026-02-08 12:41:20,722 | INFO | kurzgesagt.scene_parser | Parsed scenes=6 shots=12
2026-02-08 12:42:11,838 | INFO | kurzgesagt.image_generator | Generating image model=gemini-3-pro-image-preview aspect=3:2 size=1K
2026-02-08 12:46:33,812 | INFO | kurzgesagt.scene_parser | Parsing script (chars=3932, shots=nested)
2026-02-08 12:47:07,535 | INFO | kurzgesagt.providers.openai | OpenAI response received (chars=5645)
2026-02-08 12:47:07,537 | ERROR | kurzgesagt.scene_parser | Failed to parse provider response
Traceback (most recent call last):
  File "/home/vtxgaming/dev/kurzgesagt-script-generator/src/kurzgesagt/core/scene_parser.py", line 197, in _extract_json
    return cast(Dict[str, Any], json.loads(text))
                                ~~~~~~~~~~^^^^^^
  File "/home/vtxgaming/.local/share/uv/python/cpython-3.13.7-linux-x86_64-gnu/lib/python3.13/json/__init__.py", line 346, in loads
    return _default_decoder.decode(s)
           ~~~~~~~~~~~~~~~~~~~~~~~^^^
  File "/home/vtxgaming/.local/share/uv/python/cpython-3.13.7-linux-x86_64-gnu/lib/python3.13/json/decoder.py", line 345, in decode
    obj, end = self.raw_decode(s, idx=_w(s, 0).end())
               ~~~~~~~~~~~~~~~^^^^^^^^^^^^^^^^^^^^^^^
  File "/home/vtxgaming/.local/share/uv/python/cpython-3.13.7-linux-x86_64-gnu/lib/python3.13/json/decoder.py", line 361, in raw_decode
    obj, end = self.scan_once(s, idx)
               ~~~~~~~~~~~~~~^^^^^^^^
json.decoder.JSONDecodeError: Unterminated string starting at: line 297 column 27 (char 18976)

During handling of the above exception, another exception occurred:

Traceback (most recent call last):
  File "/home/vtxgaming/dev/kurzgesagt-script-generator/src/kurzgesagt/core/scene_parser.py", line 81, in parse_script
    scenes_data = self._extract_json(response_text)
  File "/home/vtxgaming/dev/kurzgesagt-script-generator/src/kurzgesagt/core/scene_parser.py", line 200, in _extract_json
    return cast(Dict[str, Any], json.loads(cleaned))
                                ~~~~~~~~~~^^^^^^^^^
  File "/home/vtxgaming/.local/share/uv/python/cpython-3.13.7-linux-x86_64-gnu/lib/python3.13/json/__init__.py", line 346, in loads
    return _default_decoder.decode(s)
           ~~~~~~~~~~~~~~~~~~~~~~~^^^
  File "/home/vtxgaming/.local/share/uv/python/cpython-3.13.7-linux-x86_64-gnu/lib/python3.13/json/decoder.py", line 345, in decode
    obj, end = self.raw_decode(s, idx=_w(s, 0).end())
               ~~~~~~~~~~~~~~~^^^^^^^^^^^^^^^^^^^^^^^
  File "/home/vtxgaming/.local/share/uv/python/cpython-3.13.7-linux-x86_64-gnu/lib/python3.13/json/decoder.py", line 361, in raw_decode
    obj, end = self.scan_once(s, idx)
               ~~~~~~~~~~~~~~^^^^^^^^
json.decoder.JSONDecodeError: Unterminated string starting at: line 297 column 27 (char 18976)
2026-02-08 12:48:59,444 | INFO | kurzgesagt.scene_parser | Parsing script (chars=3932, shots=nested)
2026-02-08 12:49:18,521 | INFO | kurzgesagt.providers.openai | OpenAI response received (chars=5645)
2026-02-08 12:49:18,521 | INFO | kurzgesagt.scene_parser | Parsed scenes=6 shots=11
2026-02-08 12:49:48,789 | INFO | kurzgesagt.image_generator | Generating image model=gemini-3-pro-image-preview aspect=3:2 size=1K
2026-02-08 12:58:51,303 | INFO | kurzgesagt.scene_parser | Parsing script (chars=3932, shots=nested)
2026-02-08 12:59:13,502 | INFO | kurzgesagt.providers.openai | OpenAI response received (chars=6159)
2026-02-08 12:59:13,502 | INFO | kurzgesagt.scene_parser | Parsed scenes=2 shots=15
2026-02-08 13:08:07,109 | INFO | kurzgesagt.image_generator | Generating image model=gemini-3-pro-image-preview aspect=3:2 size=1K
2026-02-08 13:56:28,493 | INFO | kurzgesagt.scene_parser | Parsing script (chars=3932, shots=nested)
2026-02-08 13:56:40,654 | INFO | kurzgesagt.providers.openai | OpenAI response received (chars=6268)
2026-02-08 13:56:40,654 | INFO | kurzgesagt.scene_parser | Parsed scenes=2 shots=6
2026-02-08 13:58:58,153 | INFO | kurzgesagt.image_generator | Generating image model=gemini-3-pro-image-preview aspect=3:2 size=1K
2026-02-08 14:00:51,272 | INFO | kurzgesagt.image_generator | Generating image model=gemini-3-pro-image-preview aspect=3:2 size=1K
2026-02-08 14:01:35,648 | INFO | kurzgesagt.image_generator | Generating image model=gemini-3-pro-image-preview aspect=3:2 size=1K
2026-02-08 14:14:52,989 | INFO | kurzgesagt.scene_parser | Parsing script (chars=3932, shots=nested)
2026-02-08 14:15:15,405 | INFO | kurzgesagt.providers.openai | OpenAI response received (chars=6261)
2026-02-08 14:15:15,405 | INFO | kurzgesagt.scene_parser | Parsed scenes=6 shots=12
2026-02-08 14:15:34,844 | INFO | kurzgesagt.image_generator | Generating image model=gemini-3-pro-image-preview aspect=3:2 size=1K
2026-02-08 14:19:29,692 | INFO | kurzgesagt.image_generator | Generating image model=gemini-3-pro-image-preview aspect=3:2 size=1K
2026-02-08 14:22:50,523 | INFO | kurzgesagt.image_generator | Image generation prompt:
A minimalist illustration featuring a bike on a simple porch with clean outlines. In the background, a stylized bank vault with pastel colors and geometric shapes. The composition should include clear negative space. Flat 2D illustration, clean vector shapes, soft gradients, no text or lettering.

Style guide: Flat vector illustration, simple geometric shapes with clean outlines, no gradients, minimalist characters with round heads and simple features, 2D side view, solid backgrounds. Objects isolated on separate visual layers, clear negative space around elements (20% padding), distinct foreground/midground/background separation, centered composition with room for pan (rule of thirds), consistent light source from top-left, elements sized for scale animation, no overlapping objects where possible No text or lettering in the image.
2026-02-08 14:22:50,523 | INFO | kurzgesagt.image_generator | Generating image model=gemini-3-pro-image-preview aspect=3:2 size=1K
2026-02-08 18:25:56,408 | INFO | kurzgesagt.scene_parser | Parsing script (chars=3932, shots=hybrid)
2026-02-08 18:26:32,936 | INFO | kurzgesagt.providers.openai | OpenAI response received (chars=6268)
2026-02-08 18:26:32,936 | INFO | kurzgesagt.scene_parser | Parsed scenes=7 shots=20
2026-02-08 18:29:26,844 | INFO | kurzgesagt.scene_parser | Parsing script (chars=28498, shots=hybrid)
2026-02-08 18:30:03,960 | INFO | kurzgesagt.providers.openai | OpenAI response received (chars=30834)
2026-02-08 18:30:03,960 | INFO | kurzgesagt.scene_parser | Parsed scenes=7 shots=20
2026-02-08 18:30:11,381 | INFO | kurzgesagt.image_generator | Image generation prompt:
Wide shot. A split-screen illustration showing a simplistic bike resting on a porch with a lock and a luxurious bank vault in contrast. The porch scene should be sunny, and the bank vault should be dark and imposing. Flat 2D illustration, clean vector shapes, soft gradients, no text or lettering.

Style guide: Flat vector illustration, simple geometric shapes with clean outlines, no gradients, minimalist characters with round heads and simple features, 2D side view, solid backgrounds. Objects isolated on separate visual layers, clear negative space around elements (20% padding), distinct foreground/midground/background separation, centered composition with room for pan (rule of thirds), consistent light source from top-left, elements sized for scale animation, no overlapping objects where possible No text or lettering in the image.
2026-02-08 18:30:11,381 | INFO | kurzgesagt.image_generator | Generating image model=gemini-3-pro-image-preview aspect=3:2 size=1K
2026-02-08 18:43:39,189 | INFO | kurzgesagt.scene_parser | Parsing script (chars=28498, shots=simple)
2026-02-08 18:44:20,849 | INFO | kurzgesagt.providers.openai | OpenAI response received (chars=30834)
2026-02-08 18:44:20,849 | INFO | kurzgesagt.scene_parser | Parsed scenes=7 shots=20
2026-02-08 18:45:26,500 | INFO | kurzgesagt.scene_parser | Parsing script (chars=3932, shots=hybrid)
2026-02-08 18:45:47,837 | INFO | kurzgesagt.providers.openai | OpenAI response received (chars=6268)
2026-02-08 18:45:47,837 | INFO | kurzgesagt.scene_parser | Parsed scenes=4 shots=12
2026-02-08 18:47:09,015 | INFO | kurzgesagt.scene_parser | Parsing script (chars=3932, shots=simple)
2026-02-08 18:47:48,235 | INFO | kurzgesagt.providers.openai | OpenAI response received (chars=6268)
2026-02-08 18:47:48,237 | ERROR | kurzgesagt.scene_parser | Failed to parse provider response
Traceback (most recent call last):
  File "/home/vtxgaming/dev/kurzgesagt-script-generator/src/kurzgesagt/core/scene_parser.py", line 202, in _extract_json
    return cast(Dict[str, Any], json.loads(text))
                                ~~~~~~~~~~^^^^^^
  File "/home/vtxgaming/.local/share/uv/python/cpython-3.13.7-linux-x86_64-gnu/lib/python3.13/json/__init__.py", line 346, in loads
    return _default_decoder.decode(s)
           ~~~~~~~~~~~~~~~~~~~~~~~^^^
  File "/home/vtxgaming/.local/share/uv/python/cpython-3.13.7-linux-x86_64-gnu/lib/python3.13/json/decoder.py", line 345, in decode
    obj, end = self.raw_decode(s, idx=_w(s, 0).end())
               ~~~~~~~~~~~~~~~^^^^^^^^^^^^^^^^^^^^^^^
  File "/home/vtxgaming/.local/share/uv/python/cpython-3.13.7-linux-x86_64-gnu/lib/python3.13/json/decoder.py", line 361, in raw_decode
    obj, end = self.scan_once(s, idx)
               ~~~~~~~~~~~~~~^^^^^^^^
json.decoder.JSONDecodeError: Unterminated string starting at: line 268 column 24 (char 19460)

During handling of the above exception, another exception occurred:

Traceback (most recent call last):
  File "/home/vtxgaming/dev/kurzgesagt-script-generator/src/kurzgesagt/core/scene_parser.py", line 82, in parse_script
    scenes_data = self._extract_json(response_text)
  File "/home/vtxgaming/dev/kurzgesagt-script-generator/src/kurzgesagt/core/scene_parser.py", line 206, in _extract_json
    return cast(Dict[str, Any], json.loads(cleaned))
                                ~~~~~~~~~~^^^^^^^^^
  File "/home/vtxgaming/.local/share/uv/python/cpython-3.13.7-linux-x86_64-gnu/lib/python3.13/json/__init__.py", line 346, in loads
    return _default_decoder.decode(s)
           ~~~~~~~~~~~~~~~~~~~~~~~^^^
  File "/home/vtxgaming/.local/share/uv/python/cpython-3.13.7-linux-x86_64-gnu/lib/python3.13/json/decoder.py", line 345, in decode
    obj, end = self.raw_decode(s, idx=_w(s, 0).end())
               ~~~~~~~~~~~~~~~^^^^^^^^^^^^^^^^^^^^^^^
  File "/home/vtxgaming/.local/share/uv/python/cpython-3.13.7-linux-x86_64-gnu/lib/python3.13/json/decoder.py", line 361, in raw_decode
    obj, end = self.scan_once(s, idx)
               ~~~~~~~~~~~~~~^^^^^^^^
json.decoder.JSONDecodeError: Unterminated string starting at: line 268 column 24 (char 19460)
2026-02-08 18:54:45,821 | INFO | kurzgesagt.scene_parser | Parsing script (chars=3932, shots=simple)
2026-02-08 18:55:24,189 | INFO | kurzgesagt.providers.openai | OpenAI response received (chars=6268)
2026-02-08 18:55:24,193 | ERROR | kurzgesagt.scene_parser | Failed to parse provider response
Traceback (most recent call last):
  File "/home/vtxgaming/dev/kurzgesagt-script-generator/src/kurzgesagt/core/scene_parser.py", line 202, in _extract_json
    return cast(Dict[str, Any], json.loads(text))
                                ~~~~~~~~~~^^^^^^
  File "/home/vtxgaming/.local/share/uv/python/cpython-3.13.7-linux-x86_64-gnu/lib/python3.13/json/__init__.py", line 346, in loads
    return _default_decoder.decode(s)
           ~~~~~~~~~~~~~~~~~~~~~~~^^^
  File "/home/vtxgaming/.local/share/uv/python/cpython-3.13.7-linux-x86_64-gnu/lib/python3.13/json/decoder.py", line 345, in decode
    obj, end = self.raw_decode(s, idx=_w(s, 0).end())
               ~~~~~~~~~~~~~~~^^^^^^^^^^^^^^^^^^^^^^^
  File "/home/vtxgaming/.local/share/uv/python/cpython-3.13.7-linux-x86_64-gnu/lib/python3.13/json/decoder.py", line 361, in raw_decode
    obj, end = self.scan_once(s, idx)
               ~~~~~~~~~~~~~~^^^^^^^^
json.decoder.JSONDecodeError: Unterminated string starting at: line 289 column 27 (char 19251)

During handling of the above exception, another exception occurred:

Traceback (most recent call last):
  File "/home/vtxgaming/dev/kurzgesagt-script-generator/src/kurzgesagt/core/scene_parser.py", line 207, in _extract_json
    return cast(Dict[str, Any], json.loads(cleaned))
                                ~~~~~~~~~~^^^^^^^^^
  File "/home/vtxgaming/.local/share/uv/python/cpython-3.13.7-linux-x86_64-gnu/lib/python3.13/json/__init__.py", line 346, in loads
    return _default_decoder.decode(s)
           ~~~~~~~~~~~~~~~~~~~~~~~^^^
  File "/home/vtxgaming/.local/share/uv/python/cpython-3.13.7-linux-x86_64-gnu/lib/python3.13/json/decoder.py", line 345, in decode
    obj, end = self.raw_decode(s, idx=_w(s, 0).end())
               ~~~~~~~~~~~~~~~^^^^^^^^^^^^^^^^^^^^^^^
  File "/home/vtxgaming/.local/share/uv/python/cpython-3.13.7-linux-x86_64-gnu/lib/python3.13/json/decoder.py", line 361, in raw_decode
    obj, end = self.scan_once(s, idx)
               ~~~~~~~~~~~~~~^^^^^^^^
json.decoder.JSONDecodeError: Unterminated string starting at: line 289 column 27 (char 19251)

During handling of the above exception, another exception occurred:

Traceback (most recent call last):
  File "/home/vtxgaming/dev/kurzgesagt-script-generator/src/kurzgesagt/core/scene_parser.py", line 82, in parse_script
    scenes_data = self._extract_json(response_text)
  File "/home/vtxgaming/dev/kurzgesagt-script-generator/src/kurzgesagt/core/scene_parser.py", line 210, in _extract_json
    return cast(Dict[str, Any], json.loads(repaired))
                                ~~~~~~~~~~^^^^^^^^^^
  File "/home/vtxgaming/.local/share/uv/python/cpython-3.13.7-linux-x86_64-gnu/lib/python3.13/json/__init__.py", line 346, in loads
    return _default_decoder.decode(s)
           ~~~~~~~~~~~~~~~~~~~~~~~^^^
  File "/home/vtxgaming/.local/share/uv/python/cpython-3.13.7-linux-x86_64-gnu/lib/python3.13/json/decoder.py", line 345, in decode
    obj, end = self.raw_decode(s, idx=_w(s, 0).end())
               ~~~~~~~~~~~~~~~^^^^^^^^^^^^^^^^^^^^^^^
  File "/home/vtxgaming/.local/share/uv/python/cpython-3.13.7-linux-x86_64-gnu/lib/python3.13/json/decoder.py", line 361, in raw_decode
    obj, end = self.scan_once(s, idx)
               ~~~~~~~~~~~~~~^^^^^^^^
json.decoder.JSONDecodeError: Expecting ',' delimiter: line 289 column 186 (char 19410)
2026-02-08 18:57:43,641 | INFO | kurzgesagt.scene_parser | Parsing script (chars=3932, shots=simple)
2026-02-08 18:58:08,270 | INFO | kurzgesagt.providers.openai | OpenAI response received (chars=6268)
2026-02-08 18:58:08,271 | INFO | kurzgesagt.scene_parser | Parsed scenes=6 shots=14
2026-02-08 19:03:08,071 | INFO | kurzgesagt.scene_parser | Parsing script (chars=22168, shots=simple)
2026-02-08 19:03:34,927 | INFO | kurzgesagt.providers.openai | OpenAI response received (chars=24504)
2026-02-08 19:03:34,927 | INFO | kurzgesagt.scene_parser | Parsed scenes=6 shots=14
2026-02-08 19:03:37,952 | INFO | kurzgesagt.image_generator | Image generation prompt:
Wide shot. A minimalist flat illustration showing a bike on a porch in the foreground and a distant bank vault in the background. Use pastel colors with clean outlines and clear negative space around elements. Flat 2D illustration, clean vector shapes, soft gradients, no text or lettering.

Style guide: Flat vector illustration, simple geometric shapes with clean outlines, no gradients, minimalist characters with round heads and simple features, 2D side view, solid backgrounds. Objects isolated on separate visual layers, clear negative space around elements (20% padding), distinct foreground/midground/background separation, centered composition with room for pan (rule of thirds), consistent light source from top-left, elements sized for scale animation, no overlapping objects where possible No text or lettering in the image.
2026-02-08 19:03:37,952 | INFO | kurzgesagt.image_generator | Generating image model=gemini-3-pro-image-preview aspect=3:2 size=1K
2026-02-08 22:13:53,584 | INFO | kurzgesagt.scene_parser | Parsing script (chars=3932, shots=simple)
2026-02-08 22:14:18,397 | INFO | kurzgesagt.providers.openai | OpenAI response received (chars=6269)
2026-02-08 22:14:18,397 | INFO | kurzgesagt.scene_parser | Parsed scenes=6 shots=12
2026-02-08 22:15:09,777 | INFO | kurzgesagt.scene_parser | Parsing script (chars=22168, shots=simple)
2026-02-08 22:15:38,925 | INFO | kurzgesagt.providers.openai | OpenAI response received (chars=24505)
2026-02-08 22:15:38,925 | INFO | kurzgesagt.scene_parser | Parsed scenes=6 shots=14
2026-02-08 22:15:45,394 | INFO | kurzgesagt.image_generator | Image generation prompt:
Wide shot. A minimalist flat illustration showing a bike on a porch in the foreground and a distant bank vault in the background. Use pastel colors with clean outlines and clear negative space around elements. Flat 2D illustration, clean vector shapes, soft gradients, no text or lettering.

Style guide: Flat vector illustration, simple geometric shapes with clean outlines, no gradients, minimalist characters with round heads and simple features, 2D side view, solid backgrounds. Objects isolated on separate visual layers, clear negative space around elements (20% padding), distinct foreground/midground/background separation, centered composition with room for pan (rule of thirds), consistent light source from top-left, elements sized for scale animation, no overlapping objects where possible No text or lettering in the image.
2026-02-08 22:15:45,394 | INFO | kurzgesagt.image_generator | Generating image model=gemini-3-pro-image-preview aspect=3:2 size=1K
2026-02-08 22:15:45,394 | INFO | kurzgesagt.image_generator | Using reference image for style transfer (bytes=7170085)
2026-02-08 22:17:26,249 | INFO | kurzgesagt.image_generator | Image generation prompt:
Wide shot. A minimalist flat illustration showing a bike on a porch in the foreground and a distant bank vault in the background. Use pastel colors with clean outlines and clear negative space around elements. Flat 2D illustration, clean vector shapes, soft gradients, no text or lettering.

Style guide: Flat vector illustration, simple geometric shapes with clean outlines, no gradients, minimalist characters with round heads and simple features, 2D side view, solid backgrounds. Objects isolated on separate visual layers, clear negative space around elements (20% padding), distinct foreground/midground/background separation, centered composition with room for pan (rule of thirds), consistent light source from top-left, elements sized for scale animation, no overlapping objects where possible No text or lettering in the image.
2026-02-08 22:17:26,249 | INFO | kurzgesagt.image_generator | Generating image model=gemini-3-pro-image-preview aspect=3:2 size=1K
2026-02-08 22:17:26,249 | INFO | kurzgesagt.image_generator | Using reference image for style transfer (bytes=7170085)
2026-02-08 22:18:43,549 | INFO | kurzgesagt.scene_parser | Parsing script (chars=3932, shots=simple)
2026-02-08 22:19:05,679 | INFO | kurzgesagt.providers.openai | OpenAI response received (chars=6266)
2026-02-08 22:19:05,679 | INFO | kurzgesagt.scene_parser | Parsed scenes=6 shots=12
2026-02-08 22:20:28,581 | INFO | kurzgesagt.image_generator | Image generation prompt:
A flat 2D illustration depicting a bike resting casually on a porch on the left and a sturdy bank vault closed on the right, emphasizing contrasting security levels. Clean vector shapes, warm colors, minimal outlines. Flat 2D illustration, clean vector shapes, soft gradients, no text or lettering.

Style guide: Flat vector illustration, simple geometric shapes with clean outlines, no gradients, minimalist characters with round heads and simple features, 2D side view, solid backgrounds. Objects isolated on separate visual layers, clear negative space around elements (20% padding), distinct foreground/midground/background separation, centered composition with room for pan (rule of thirds), consistent light source from top-left, elements sized for scale animation, no overlapping objects where possible No text or lettering in the image.
2026-02-08 22:20:28,582 | INFO | kurzgesagt.image_generator | Generating image model=gemini-3-pro-image-preview aspect=3:2 size=1K
2026-02-08 22:20:28,582 | INFO | kurzgesagt.image_generator | Using reference image for style transfer (bytes=7170085)
2026-02-08 22:28:03,587 | INFO | kurzgesagt.scene_parser | Parsing script (chars=22168, shots=simple)
2026-02-08 22:28:29,688 | INFO | kurzgesagt.providers.openai | OpenAI response received (chars=24504)
2026-02-08 22:28:29,688 | INFO | kurzgesagt.scene_parser | Parsed scenes=6 shots=14
2026-02-08 22:28:43,473 | INFO | kurzgesagt.image_generator | Image generation prompt:
Wide shot. A minimalist flat illustration showing a bike on a porch in the foreground and a distant bank vault in the background. Use pastel colors with clean outlines and clear negative space around elements. Flat 2D illustration, clean vector shapes, soft gradients, no text or lettering.

Style guide: Flat vector illustration, simple geometric shapes with clean outlines, no gradients, minimalist characters with round heads and simple features, 2D side view, solid backgrounds. Objects isolated on separate visual layers, clear negative space around elements (20% padding), distinct foreground/midground/background separation, centered composition with room for pan (rule of thirds), consistent light source from top-left, elements sized for scale animation, no overlapping objects where possible No text or lettering in the image.
2026-02-08 22:28:43,473 | INFO | kurzgesagt.image_generator | Generating image model=gemini-3-pro-image-preview aspect=3:2 size=1K
2026-02-08 22:28:43,473 | INFO | kurzgesagt.image_generator | Using reference image for style transfer (bytes=7170085)
2026-02-08 22:31:04,772 | INFO | kurzgesagt.image_generator | Image generation prompt:
Wide shot. A flat, simple illustration of a house viewed from the front with a locked door. Utilize pastel colors, clean outlines, and designated negative space. Flat 2D illustration, clean vector shapes, soft gradients, no text or lettering.

Style guide: Flat vector illustration, simple geometric shapes with clean outlines, no gradients, minimalist characters with round heads and simple features, 2D side view, solid backgrounds. Objects isolated on separate visual layers, clear negative space around elements (20% padding), distinct foreground/midground/background separation, centered composition with room for pan (rule of thirds), consistent light source from top-left, elements sized for scale animation, no overlapping objects where possible No text or lettering in the image.
2026-02-08 22:31:04,772 | INFO | kurzgesagt.image_generator | Generating image model=gemini-3-pro-image-preview aspect=3:2 size=1K
2026-02-08 22:31:04,772 | INFO | kurzgesagt.image_generator | Using reference image for style transfer (bytes=7170085)
2026-02-08 22:35:05,938 | INFO | kurzgesagt.image_generator | Image generation prompt:
Wide shot. A flat illustration of a bank vault, securely closed, with a strong visual presence. Implement a pastel palette and clear outlines. Flat 2D illustration, clean vector shapes, soft gradients, no text or lettering.

Style guide: Flat vector illustration, simple geometric shapes with clean outlines, no gradients, minimalist characters with round heads and simple features, 2D side view, solid backgrounds. Objects isolated on separate visual layers, clear negative space around elements (20% padding), distinct foreground/midground/background separation, centered composition with room for pan (rule of thirds), consistent light source from top-left, elements sized for scale animation, no overlapping objects where possible No text or lettering in the image.
2026-02-08 22:35:05,938 | INFO | kurzgesagt.image_generator | Generating image model=gemini-3-pro-image-preview aspect=3:2 size=1K
2026-02-08 22:35:05,938 | INFO | kurzgesagt.image_generator | Using reference image for style transfer (bytes=7170085)
